<?xml version="1.0" encoding="UTF-8"?>
<!-- Generated by org.testng.reporters.JUnitReportReporter -->
<testsuite skipped="0" hostname="GCRPLW0088" name="com.herokuapp.theinternet.PositiveTests" tests="1" failures="0" timestamp="23 Nov 2018 02:42:00 GMT" time="23.156" errors="0">
  <testcase name="logInTest" time="23.156" classname="com.herokuapp.theinternet.PositiveTests"/>
</testsuite> <!-- com.herokuapp.theinternet.PositiveTests -->
