<?xml version="1.0" encoding="UTF-8"?>
<!-- Generated by org.testng.reporters.JUnitReportReporter -->
<testsuite skipped="0" hostname="GCRPLW0088" name="com.herokuapp.theinternet.NegativeTests" tests="1" failures="0" timestamp="05 Dec 2018 20:36:38 GMT" time="29.602" errors="0">
  <testcase name="IncorrectUserNameTest" time="29.602" classname="com.herokuapp.theinternet.NegativeTests"/>
</testsuite> <!-- com.herokuapp.theinternet.NegativeTests -->
